<?xml version="1.0" encoding="UTF-8"?>
<!-- Generated by org.testng.reporters.JUnitReportReporter -->
<testsuite skipped="0" hostname="Ravikumars-MacBook-Pro.local" name="com.raviks.selenium.TestNGDependsOnMethods" tests="2" failures="0" timestamp="23 Aug 2019 17:38:12 GMT" time="0.013" errors="0">
  <testcase name="executeTest1" time="0.011" classname="com.raviks.selenium.TestNGDependsOnMethods"/>
  <testcase name="executeTest2" time="0.002" classname="com.raviks.selenium.TestNGDependsOnMethods"/>
</testsuite> <!-- com.raviks.selenium.TestNGDependsOnMethods -->
