<?xml version="1.0" encoding="UTF-8"?>
<!-- Generated by org.testng.reporters.JUnitReportReporter -->
<testsuite skipped="0" hostname="Ravikumars-MBP.hsd1.ca.comcast.net" name="com.raviks.selenium.SeleniumLocators" tests="1" failures="0" timestamp="3 Sep 2019 04:35:55 GMT" time="20.373" errors="0">
  <testcase name="executeTest" time="20.373" classname="com.raviks.selenium.SeleniumLocators"/>
</testsuite> <!-- com.raviks.selenium.SeleniumLocators -->
